<?xml version='1.0' encoding='UTF-8'?>
<testsuite hostname="DESKTOP-A6GE9Q8" name="assessment.MinuteAdderTest" tests="15" errors="0" failures="0" skipped="0" time="0.246">
                     <properties>
[...]
</properties>
                     <testcase classname="assessment.MinuteAdderTest" name="MinuteAdder Positive Path should add minutes to a simple time" time="0.23">
                                                 
                                               </testcase><testcase classname="assessment.MinuteAdderTest" name="MinuteAdder Positive Path should add minutes that increment the hour" time="0.0">
                                                 
                                               </testcase><testcase classname="assessment.MinuteAdderTest" name="MinuteAdder Positive Path should add minutes that change AM and PM" time="0.0">
                                                 
                                               </testcase><testcase classname="assessment.MinuteAdderTest" name="MinuteAdder Positive Path should subtract negative minutes" time="0.0">
                                                 
                                               </testcase><testcase classname="assessment.MinuteAdderTest" name="MinuteAdder Positive Path should add minutes that decrement the hour with negative minutes" time="0.0">
                                                 
                                               </testcase><testcase classname="assessment.MinuteAdderTest" name="MinuteAdder Positive Path should add minutes that change AM and PM with negative minutes" time="0.0">
                                                 
                                               </testcase><testcase classname="assessment.MinuteAdderTest" name="MinuteAdder Positive Path should add more than a day's worth of minutes" time="0.0">
                                                 
                                               </testcase><testcase classname="assessment.MinuteAdderTest" name="MinuteAdder Positive Path should subtract more than a day's worth of minutes" time="0.0">
                                                 
                                               </testcase><testcase classname="assessment.MinuteAdderTest" name="MinuteAdder Positive Path add minutes correctly near midnight and noon" time="0.0">
                                                 
                                               </testcase><testcase classname="assessment.MinuteAdderTest" name="MinuteAdder Negative Path should fail on an incorrect time" time="0.016">
                                                 
                                               </testcase><testcase classname="assessment.MinuteAdderTest" name="MinuteAdder Negative Path should fail on an invalid time string" time="0.0">
                                                 
                                               </testcase><testcase classname="assessment.MinuteAdderTest" name="TimeValidation validateInt should validate an Int" time="0.0">
                                                 
                                               </testcase><testcase classname="assessment.MinuteAdderTest" name="TimeValidation validateInt should fail gracefully" time="0.0">
                                                 
                                               </testcase><testcase classname="assessment.MinuteAdderTest" name="TimeValidation validateTime should validate a time" time="0.0">
                                                 
                                               </testcase><testcase classname="assessment.MinuteAdderTest" name="TimeValidation validateTime should fail gracefully" time="0.0">
                                                 
                                               </testcase>
                     <system-out><![CDATA[]]></system-out>
                     <system-err><![CDATA[]]></system-err>
                   </testsuite>